-------------------------------------------------------------------------------
Test set: com.demo.DemoApplicationTests
-------------------------------------------------------------------------------
Tests run: 1, Failures: 0, Errors: 1, Skipped: 0, Time elapsed: 1.604 s <<< FAILURE! - in com.demo.DemoApplicationTests
contextLoads(com.demo.DemoApplicationTests)  Time elapsed: 0 s  <<< ERROR!
java.lang.IllegalStateException: Failed to load ApplicationContext
Caused by: org.springframework.beans.factory.BeanCreationException: Error creating bean with name 'demoApplication': Instantiation of bean failed; nested exception is org.springframework.beans.BeanInstantiationException: Failed to instantiate [com.demo.DemoApplication$$EnhancerBySpringCGLIB$$42a0daca]: Constructor threw exception; nested exception is java.lang.NullPointerException
Caused by: org.springframework.beans.BeanInstantiationException: Failed to instantiate [com.demo.DemoApplication$$EnhancerBySpringCGLIB$$42a0daca]: Constructor threw exception; nested exception is java.lang.NullPointerException
Caused by: java.lang.NullPointerException

